<?xml version="1.0" encoding="UTF-8"?>
<!-- Generated by org.testng.reporters.JUnitReportReporter -->
<testsuite hostname="Sakshams-MacBook-Pro.local" failures="0" tests="1" name="saksham.singla.AppTest" time="8.656" errors="0" timestamp="2024-12-22T08:28:30 IST" skipped="0">
  <testcase classname="saksham.singla.AppTest" name="test" time="8.656"/>
</testsuite> <!-- saksham.singla.AppTest -->
